[2023-11-28 09:11:30] [info] [C:\Users\Lenovo\PycharmProjects\光伏功率预测\LSTM_train.py - 60 - <module>] 读入数据
[2023-11-28 09:11:30] [info] [C:\Users\Lenovo\PycharmProjects\光伏功率预测\LSTM_train.py - 67 - <module>] 数据读取成功
[2023-11-28 09:11:30] [info] [C:\Users\Lenovo\PycharmProjects\光伏功率预测\LSTM_train.py - 69 - <module>] 时间列转换
[2023-11-28 09:11:30] [info] [C:\Users\Lenovo\PycharmProjects\光伏功率预测\LSTM_train.py - 75 - <module>] 时间列转换成功
[2023-11-28 09:11:30] [info] [C:\Users\Lenovo\PycharmProjects\光伏功率预测\LSTM_train.py - 92 - <module>] 存储新的数据集
[2023-11-28 09:11:30] [info] [C:\Users\Lenovo\PycharmProjects\光伏功率预测\LSTM_train.py - 99 - <module>] 新数据集存储成功
[2023-11-28 09:11:30] [info] [C:\Users\Lenovo\PycharmProjects\光伏功率预测\LSTM_train.py - 106 - <module>] 构建训练数据集
[2023-11-28 09:11:30] [info] [C:\Users\Lenovo\PycharmProjects\光伏功率预测\LSTM_train.py - 116 - <module>] 构建成功
[2023-11-28 09:13:31] [info] [C:\Users\Lenovo\PycharmProjects\光伏功率预测\LSTM_train.py - 60 - <module>] 读入数据
[2023-11-28 09:13:31] [info] [C:\Users\Lenovo\PycharmProjects\光伏功率预测\LSTM_train.py - 67 - <module>] 数据读取成功
[2023-11-28 09:13:31] [info] [C:\Users\Lenovo\PycharmProjects\光伏功率预测\LSTM_train.py - 69 - <module>] 时间列转换
[2023-11-28 09:13:31] [info] [C:\Users\Lenovo\PycharmProjects\光伏功率预测\LSTM_train.py - 75 - <module>] 时间列转换成功
[2023-11-28 09:13:31] [info] [C:\Users\Lenovo\PycharmProjects\光伏功率预测\LSTM_train.py - 92 - <module>] 存储新的数据集
[2023-11-28 09:13:31] [info] [C:\Users\Lenovo\PycharmProjects\光伏功率预测\LSTM_train.py - 99 - <module>] 新数据集存储成功
[2023-11-28 09:13:31] [info] [C:\Users\Lenovo\PycharmProjects\光伏功率预测\LSTM_train.py - 106 - <module>] 构建训练数据集
[2023-11-28 09:13:31] [info] [C:\Users\Lenovo\PycharmProjects\光伏功率预测\LSTM_train.py - 116 - <module>] 构建成功
[2023-11-28 09:18:09] [info] [C:\Users\Lenovo\PycharmProjects\光伏功率预测\LSTM_train.py - 185 - <module>] 绘制图形
[2023-11-28 09:18:09] [info] [C:\Users\Lenovo\PycharmProjects\光伏功率预测\LSTM_train.py - 192 - <module>] 绘制成功
[2023-11-28 09:18:10] [info] [C:\Users\Lenovo\PycharmProjects\光伏功率预测\LSTM_train.py - 213 - <module>] 保存模型参数
[2023-11-28 09:18:10] [info] [C:\Users\Lenovo\PycharmProjects\光伏功率预测\LSTM_train.py - 220 - <module>] 模型保存成功
[2023-11-28 09:18:10] [info] [C:\Users\Lenovo\PycharmProjects\光伏功率预测\LSTM_train.py - 222 - <module>] 保存预测结果
[2023-11-28 09:18:10] [info] [C:\Users\Lenovo\PycharmProjects\光伏功率预测\LSTM_train.py - 233 - <module>] 结果保存成功
[2023-11-28 09:18:57] [info] [C:\Users\Lenovo\PycharmProjects\光伏功率预测\LSTM_train.py - 106 - <module>] 构建训练数据集
[2023-11-28 09:20:37] [info] [C:\Users\Lenovo\PycharmProjects\光伏功率预测\LSTM_train.py - 60 - <module>] 读入数据
[2023-11-28 09:20:37] [info] [C:\Users\Lenovo\PycharmProjects\光伏功率预测\LSTM_train.py - 67 - <module>] 数据读取成功
[2023-11-28 09:20:37] [info] [C:\Users\Lenovo\PycharmProjects\光伏功率预测\LSTM_train.py - 69 - <module>] 时间列转换
[2023-11-28 09:20:37] [info] [C:\Users\Lenovo\PycharmProjects\光伏功率预测\LSTM_train.py - 75 - <module>] 时间列转换成功
[2023-11-28 09:20:37] [info] [C:\Users\Lenovo\PycharmProjects\光伏功率预测\LSTM_train.py - 92 - <module>] 存储新的数据集
[2023-11-28 09:20:37] [info] [C:\Users\Lenovo\PycharmProjects\光伏功率预测\LSTM_train.py - 99 - <module>] 新数据集存储成功
[2023-11-28 09:20:37] [info] [C:\Users\Lenovo\PycharmProjects\光伏功率预测\LSTM_train.py - 106 - <module>] 构建训练数据集
[2023-11-28 09:20:37] [info] [C:\Users\Lenovo\PycharmProjects\光伏功率预测\LSTM_train.py - 116 - <module>] 构建成功
[2023-11-28 09:25:16] [info] [C:\Users\Lenovo\PycharmProjects\光伏功率预测\LSTM_train.py - 185 - <module>] 绘制图形
[2023-11-28 09:25:16] [info] [C:\Users\Lenovo\PycharmProjects\光伏功率预测\LSTM_train.py - 192 - <module>] 绘制成功
[2023-11-28 09:25:16] [info] [C:\Users\Lenovo\PycharmProjects\光伏功率预测\LSTM_train.py - 213 - <module>] 保存模型参数
[2023-11-28 09:25:16] [info] [C:\Users\Lenovo\PycharmProjects\光伏功率预测\LSTM_train.py - 220 - <module>] 模型保存成功
[2023-11-28 09:25:16] [info] [C:\Users\Lenovo\PycharmProjects\光伏功率预测\LSTM_train.py - 222 - <module>] 保存预测结果
[2023-11-28 09:25:16] [info] [C:\Users\Lenovo\PycharmProjects\光伏功率预测\LSTM_train.py - 233 - <module>] 结果保存成功
[2023-11-28 09:32:57] [info] [C:\Users\Lenovo\PycharmProjects\光伏功率预测\LSTM_validation.py - 52 - <module>] 绘制图形
[2023-11-28 09:32:57] [info] [C:\Users\Lenovo\PycharmProjects\光伏功率预测\LSTM_validation.py - 59 - <module>] 绘制成功
[2023-11-28 09:32:57] [info] [C:\Users\Lenovo\PycharmProjects\光伏功率预测\LSTM_validation.py - 72 - <module>] 保存预测结果
[2023-11-28 09:32:57] [info] [C:\Users\Lenovo\PycharmProjects\光伏功率预测\LSTM_validation.py - 83 - <module>] 结果保存成功
[2023-11-28 09:33:15] [info] [C:\Users\Lenovo\PycharmProjects\光伏功率预测\LSTM_validation.py - 52 - <module>] 绘制图形
[2023-11-28 09:33:15] [info] [C:\Users\Lenovo\PycharmProjects\光伏功率预测\LSTM_validation.py - 59 - <module>] 绘制成功
[2023-11-28 09:33:15] [info] [C:\Users\Lenovo\PycharmProjects\光伏功率预测\LSTM_validation.py - 72 - <module>] 保存预测结果
[2023-11-28 09:33:15] [info] [C:\Users\Lenovo\PycharmProjects\光伏功率预测\LSTM_validation.py - 83 - <module>] 结果保存成功
[2023-11-28 09:38:38] [info] [C:\Users\Lenovo\PycharmProjects\光伏功率预测\LSTM_train.py - 60 - <module>] 读入数据
[2023-11-28 09:38:38] [info] [C:\Users\Lenovo\PycharmProjects\光伏功率预测\LSTM_train.py - 67 - <module>] 数据读取成功
[2023-11-28 09:38:38] [info] [C:\Users\Lenovo\PycharmProjects\光伏功率预测\LSTM_train.py - 69 - <module>] 时间列转换
[2023-11-28 09:38:38] [info] [C:\Users\Lenovo\PycharmProjects\光伏功率预测\LSTM_train.py - 75 - <module>] 时间列转换成功
[2023-11-28 09:38:38] [info] [C:\Users\Lenovo\PycharmProjects\光伏功率预测\LSTM_train.py - 93 - <module>] 存储新的数据集
[2023-11-28 09:38:38] [info] [C:\Users\Lenovo\PycharmProjects\光伏功率预测\LSTM_train.py - 100 - <module>] 新数据集存储成功
[2023-11-28 09:38:38] [info] [C:\Users\Lenovo\PycharmProjects\光伏功率预测\LSTM_train.py - 104 - <module>] 构建训练数据集
[2023-11-28 09:38:38] [info] [C:\Users\Lenovo\PycharmProjects\光伏功率预测\LSTM_train.py - 112 - <module>] 构建成功
[2023-11-28 09:42:33] [info] [C:\Users\Lenovo\PycharmProjects\光伏功率预测\LSTM_train.py - 153 - <module>] 保存模型参数
[2023-11-28 09:42:33] [info] [C:\Users\Lenovo\PycharmProjects\光伏功率预测\LSTM_train.py - 160 - <module>] 模型保存成功
[2023-11-28 09:42:42] [info] [C:\Users\Lenovo\PycharmProjects\光伏功率预测\LSTM_validation.py - 17 - <module>] 读入数据
[2023-11-28 09:42:42] [info] [C:\Users\Lenovo\PycharmProjects\光伏功率预测\LSTM_validation.py - 25 - <module>] 数据读取成功
[2023-11-28 09:42:42] [info] [C:\Users\Lenovo\PycharmProjects\光伏功率预测\LSTM_validation.py - 60 - <module>] 绘制图形
[2023-11-28 09:42:42] [info] [C:\Users\Lenovo\PycharmProjects\光伏功率预测\LSTM_validation.py - 67 - <module>] 绘制成功
[2023-11-28 09:42:42] [info] [C:\Users\Lenovo\PycharmProjects\光伏功率预测\LSTM_validation.py - 79 - <module>] 保存预测结果
[2023-11-28 09:42:42] [info] [C:\Users\Lenovo\PycharmProjects\光伏功率预测\LSTM_validation.py - 90 - <module>] 结果保存成功
