[2023-11-30 22:08:54] [info] [C:\Users\Lenovo\PycharmProjects\电负荷预测\LSTM_train.py - 58 - <module>] 读入数据
[2023-11-30 22:08:55] [info] [C:\Users\Lenovo\PycharmProjects\电负荷预测\LSTM_train.py - 65 - <module>] 数据读取成功
[2023-11-30 22:08:55] [info] [C:\Users\Lenovo\PycharmProjects\电负荷预测\LSTM_train.py - 67 - <module>] 时间列转换
[2023-11-30 22:08:55] [info] [C:\Users\Lenovo\PycharmProjects\电负荷预测\LSTM_train.py - 73 - <module>] 时间列转换成功
[2023-11-30 22:08:55] [info] [C:\Users\Lenovo\PycharmProjects\电负荷预测\LSTM_train.py - 110 - <module>] 存储新的数据集
[2023-11-30 22:08:55] [info] [C:\Users\Lenovo\PycharmProjects\电负荷预测\LSTM_train.py - 117 - <module>] 新数据集存储成功
[2023-11-30 22:08:55] [info] [C:\Users\Lenovo\PycharmProjects\电负荷预测\LSTM_train.py - 121 - <module>] 构建训练数据集
[2023-11-30 22:08:55] [info] [C:\Users\Lenovo\PycharmProjects\电负荷预测\LSTM_train.py - 129 - <module>] 构建成功
[2023-11-30 22:19:15] [info] [C:\Users\Lenovo\PycharmProjects\电负荷预测\LSTM_train.py - 170 - <module>] 保存模型参数
[2023-11-30 22:19:15] [info] [C:\Users\Lenovo\PycharmProjects\电负荷预测\LSTM_train.py - 177 - <module>] 模型保存成功
[2023-11-30 22:21:36] [info] [C:\Users\Lenovo\PycharmProjects\电负荷预测\LSTM_validation.py - 18 - <module>] 读入数据
[2023-11-30 22:21:36] [info] [C:\Users\Lenovo\PycharmProjects\电负荷预测\LSTM_validation.py - 26 - <module>] 数据读取成功
[2023-11-30 22:21:36] [info] [C:\Users\Lenovo\PycharmProjects\电负荷预测\LSTM_validation.py - 28 - <module>] 构建验证数据集
[2023-11-30 22:21:36] [info] [C:\Users\Lenovo\PycharmProjects\电负荷预测\LSTM_validation.py - 36 - <module>] 构建成功
[2023-11-30 22:21:36] [info] [C:\Users\Lenovo\PycharmProjects\电负荷预测\LSTM_validation.py - 67 - <module>] 绘制图形
[2023-11-30 22:21:36] [info] [C:\Users\Lenovo\PycharmProjects\电负荷预测\LSTM_validation.py - 74 - <module>] 绘制成功
[2023-11-30 22:21:36] [info] [C:\Users\Lenovo\PycharmProjects\电负荷预测\LSTM_validation.py - 86 - <module>] 保存预测结果
[2023-11-30 22:21:36] [info] [C:\Users\Lenovo\PycharmProjects\电负荷预测\LSTM_validation.py - 97 - <module>] 结果保存成功
[2023-11-30 22:23:02] [info] [C:\Users\Lenovo\PycharmProjects\电负荷预测\LSTM_validation.py - 18 - <module>] 读入数据
[2023-11-30 22:23:02] [info] [C:\Users\Lenovo\PycharmProjects\电负荷预测\LSTM_validation.py - 26 - <module>] 数据读取成功
[2023-11-30 22:23:02] [info] [C:\Users\Lenovo\PycharmProjects\电负荷预测\LSTM_validation.py - 28 - <module>] 构建验证数据集
[2023-11-30 22:23:02] [info] [C:\Users\Lenovo\PycharmProjects\电负荷预测\LSTM_validation.py - 36 - <module>] 构建成功
[2023-11-30 22:23:02] [info] [C:\Users\Lenovo\PycharmProjects\电负荷预测\LSTM_validation.py - 67 - <module>] 绘制图形
[2023-11-30 22:23:02] [info] [C:\Users\Lenovo\PycharmProjects\电负荷预测\LSTM_validation.py - 74 - <module>] 绘制成功
[2023-11-30 22:23:02] [info] [C:\Users\Lenovo\PycharmProjects\电负荷预测\LSTM_validation.py - 86 - <module>] 保存预测结果
[2023-11-30 22:23:03] [info] [C:\Users\Lenovo\PycharmProjects\电负荷预测\LSTM_validation.py - 97 - <module>] 结果保存成功
[2023-11-30 22:23:28] [info] [C:\Users\Lenovo\PycharmProjects\电负荷预测\LSTM_validation.py - 18 - <module>] 读入数据
[2023-11-30 22:23:28] [info] [C:\Users\Lenovo\PycharmProjects\电负荷预测\LSTM_validation.py - 26 - <module>] 数据读取成功
[2023-11-30 22:23:28] [info] [C:\Users\Lenovo\PycharmProjects\电负荷预测\LSTM_validation.py - 28 - <module>] 构建验证数据集
[2023-11-30 22:23:28] [info] [C:\Users\Lenovo\PycharmProjects\电负荷预测\LSTM_validation.py - 36 - <module>] 构建成功
[2023-11-30 22:23:28] [info] [C:\Users\Lenovo\PycharmProjects\电负荷预测\LSTM_validation.py - 67 - <module>] 绘制图形
[2023-11-30 22:23:28] [info] [C:\Users\Lenovo\PycharmProjects\电负荷预测\LSTM_validation.py - 74 - <module>] 绘制成功
[2023-11-30 22:23:28] [info] [C:\Users\Lenovo\PycharmProjects\电负荷预测\LSTM_validation.py - 86 - <module>] 保存预测结果
[2023-11-30 22:23:28] [info] [C:\Users\Lenovo\PycharmProjects\电负荷预测\LSTM_validation.py - 97 - <module>] 结果保存成功
