[2023-12-02 17:25:30] [info] [C:\Users\Lenovo\PycharmProjects\冷（热）负荷预测\LSTM_validation.py - 18 - <module>] 读入数据
[2023-12-02 17:25:30] [info] [C:\Users\Lenovo\PycharmProjects\冷（热）负荷预测\LSTM_validation.py - 26 - <module>] 数据读取成功
[2023-12-02 17:25:30] [info] [C:\Users\Lenovo\PycharmProjects\冷（热）负荷预测\LSTM_validation.py - 28 - <module>] 构建验证数据集
[2023-12-02 17:25:30] [info] [C:\Users\Lenovo\PycharmProjects\冷（热）负荷预测\LSTM_validation.py - 36 - <module>] 构建成功
[2023-12-02 17:25:30] [info] [C:\Users\Lenovo\PycharmProjects\冷（热）负荷预测\LSTM_validation.py - 67 - <module>] 绘制图形
[2023-12-02 17:25:30] [info] [C:\Users\Lenovo\PycharmProjects\冷（热）负荷预测\LSTM_validation.py - 74 - <module>] 绘制成功
[2023-12-02 17:25:31] [info] [C:\Users\Lenovo\PycharmProjects\冷（热）负荷预测\LSTM_validation.py - 86 - <module>] 保存预测结果
[2023-12-02 17:25:31] [info] [C:\Users\Lenovo\PycharmProjects\冷（热）负荷预测\LSTM_validation.py - 97 - <module>] 结果保存成功
[2023-12-02 17:25:31] [info] [C:\Users\Lenovo\PycharmProjects\冷（热）负荷预测\predict_main.py - 66 - <module>] 读取成功
[2023-12-02 17:25:32] [info] [C:\Users\Lenovo\PycharmProjects\冷（热）负荷预测\predict_main.py - 100 - <module>] 插入数据
[2023-12-02 17:25:34] [info] [C:\Users\Lenovo\PycharmProjects\冷（热）负荷预测\predict_main.py - 117 - <module>] 数据插入成功
[2023-12-02 17:29:24] [info] [C:\Users\Lenovo\PycharmProjects\冷（热）负荷预测\LSTM_validation.py - 18 - <module>] 读入数据
[2023-12-02 17:29:24] [info] [C:\Users\Lenovo\PycharmProjects\冷（热）负荷预测\LSTM_validation.py - 26 - <module>] 数据读取成功
[2023-12-02 17:29:24] [info] [C:\Users\Lenovo\PycharmProjects\冷（热）负荷预测\LSTM_validation.py - 28 - <module>] 构建验证数据集
[2023-12-02 17:29:24] [info] [C:\Users\Lenovo\PycharmProjects\冷（热）负荷预测\LSTM_validation.py - 36 - <module>] 构建成功
[2023-12-02 17:29:24] [info] [C:\Users\Lenovo\PycharmProjects\冷（热）负荷预测\LSTM_validation.py - 67 - <module>] 绘制图形
[2023-12-02 17:29:24] [info] [C:\Users\Lenovo\PycharmProjects\冷（热）负荷预测\LSTM_validation.py - 74 - <module>] 绘制成功
[2023-12-02 17:29:25] [info] [C:\Users\Lenovo\PycharmProjects\冷（热）负荷预测\LSTM_validation.py - 86 - <module>] 保存预测结果
[2023-12-02 17:29:25] [info] [C:\Users\Lenovo\PycharmProjects\冷（热）负荷预测\LSTM_validation.py - 97 - <module>] 结果保存成功
[2023-12-02 17:29:25] [info] [C:\Users\Lenovo\PycharmProjects\冷（热）负荷预测\predict_main.py - 66 - <module>] 读取成功
[2023-12-02 17:29:25] [info] [C:\Users\Lenovo\PycharmProjects\冷（热）负荷预测\predict_main.py - 100 - <module>] 插入数据
[2023-12-02 17:29:34] [info] [C:\Users\Lenovo\PycharmProjects\冷（热）负荷预测\predict_main.py - 117 - <module>] 数据插入成功
