[2023-11-25 08:53:06] [info] [C:\Users\Lenovo\PycharmProjects\pythonProject\LSTM_prediction.py - 65 - <module>] 读入数据
[2023-11-25 08:53:06] [info] [C:\Users\Lenovo\PycharmProjects\pythonProject\LSTM_prediction.py - 72 - <module>] 数据读取成功
[2023-11-25 08:53:06] [info] [C:\Users\Lenovo\PycharmProjects\pythonProject\LSTM_prediction.py - 74 - <module>] 时间列转换
[2023-11-25 08:53:06] [info] [C:\Users\Lenovo\PycharmProjects\pythonProject\LSTM_prediction.py - 80 - <module>] 时间列转换成功
[2023-11-25 08:53:06] [info] [C:\Users\Lenovo\PycharmProjects\pythonProject\LSTM_prediction.py - 97 - <module>] 存储新的数据集
[2023-11-25 08:53:06] [info] [C:\Users\Lenovo\PycharmProjects\pythonProject\LSTM_prediction.py - 104 - <module>] 新数据集存储成功
[2023-11-25 08:53:06] [info] [C:\Users\Lenovo\PycharmProjects\pythonProject\LSTM_prediction.py - 111 - <module>] 构建训练数据集
[2023-11-25 08:53:06] [info] [C:\Users\Lenovo\PycharmProjects\pythonProject\LSTM_prediction.py - 121 - <module>] 构建成功
[2023-11-25 08:58:07] [info] [C:\Users\Lenovo\PycharmProjects\pythonProject\LSTM_prediction.py - 191 - <module>] 绘制图形
[2023-11-25 08:58:07] [info] [C:\Users\Lenovo\PycharmProjects\pythonProject\LSTM_prediction.py - 198 - <module>] 绘制成功
[2023-11-25 08:58:08] [info] [C:\Users\Lenovo\PycharmProjects\pythonProject\LSTM_prediction.py - 219 - <module>] 保存模型参数
[2023-11-25 08:58:08] [info] [C:\Users\Lenovo\PycharmProjects\pythonProject\LSTM_prediction.py - 226 - <module>] 模型保存成功
[2023-11-25 08:58:08] [info] [C:\Users\Lenovo\PycharmProjects\pythonProject\LSTM_prediction.py - 228 - <module>] 保存预测结果
[2023-11-25 08:58:08] [info] [C:\Users\Lenovo\PycharmProjects\pythonProject\LSTM_prediction.py - 239 - <module>] 结果保存成功
[2023-11-25 09:03:05] [info] [C:\Users\Lenovo\PycharmProjects\pythonProject\LSTM_prediction.py - 65 - <module>] 读入数据
[2023-11-25 09:03:05] [info] [C:\Users\Lenovo\PycharmProjects\pythonProject\LSTM_prediction.py - 72 - <module>] 数据读取成功
[2023-11-25 09:03:05] [info] [C:\Users\Lenovo\PycharmProjects\pythonProject\LSTM_prediction.py - 74 - <module>] 时间列转换
[2023-11-25 09:03:05] [info] [C:\Users\Lenovo\PycharmProjects\pythonProject\LSTM_prediction.py - 80 - <module>] 时间列转换成功
[2023-11-25 09:03:05] [info] [C:\Users\Lenovo\PycharmProjects\pythonProject\LSTM_prediction.py - 97 - <module>] 存储新的数据集
[2023-11-25 09:03:05] [info] [C:\Users\Lenovo\PycharmProjects\pythonProject\LSTM_prediction.py - 104 - <module>] 新数据集存储成功
[2023-11-25 09:03:05] [info] [C:\Users\Lenovo\PycharmProjects\pythonProject\LSTM_prediction.py - 111 - <module>] 构建训练数据集
[2023-11-25 09:03:05] [info] [C:\Users\Lenovo\PycharmProjects\pythonProject\LSTM_prediction.py - 121 - <module>] 构建成功
[2023-11-25 09:07:44] [info] [C:\Users\Lenovo\PycharmProjects\pythonProject\LSTM_prediction.py - 191 - <module>] 绘制图形
[2023-11-25 09:07:44] [info] [C:\Users\Lenovo\PycharmProjects\pythonProject\LSTM_prediction.py - 198 - <module>] 绘制成功
[2023-11-25 09:07:44] [info] [C:\Users\Lenovo\PycharmProjects\pythonProject\LSTM_prediction.py - 219 - <module>] 保存模型参数
[2023-11-25 09:07:44] [info] [C:\Users\Lenovo\PycharmProjects\pythonProject\LSTM_prediction.py - 226 - <module>] 模型保存成功
[2023-11-25 09:07:44] [info] [C:\Users\Lenovo\PycharmProjects\pythonProject\LSTM_prediction.py - 228 - <module>] 保存预测结果
[2023-11-25 09:07:44] [info] [C:\Users\Lenovo\PycharmProjects\pythonProject\LSTM_prediction.py - 239 - <module>] 结果保存成功
