[2023-11-27 11:24:03] [info] [C:\Users\Lenovo\PycharmProjects\pythonProject\LSTM_prediction.py - 65 - <module>] 读入数据
[2023-11-27 11:24:03] [info] [C:\Users\Lenovo\PycharmProjects\pythonProject\LSTM_prediction.py - 72 - <module>] 数据读取成功
[2023-11-27 11:24:03] [info] [C:\Users\Lenovo\PycharmProjects\pythonProject\LSTM_prediction.py - 74 - <module>] 时间列转换
[2023-11-27 11:24:03] [info] [C:\Users\Lenovo\PycharmProjects\pythonProject\LSTM_prediction.py - 80 - <module>] 时间列转换成功
[2023-11-27 11:24:03] [info] [C:\Users\Lenovo\PycharmProjects\pythonProject\LSTM_prediction.py - 97 - <module>] 存储新的数据集
[2023-11-27 11:24:03] [info] [C:\Users\Lenovo\PycharmProjects\pythonProject\LSTM_prediction.py - 104 - <module>] 新数据集存储成功
[2023-11-27 11:24:03] [info] [C:\Users\Lenovo\PycharmProjects\pythonProject\LSTM_prediction.py - 111 - <module>] 构建训练数据集
[2023-11-27 11:24:03] [info] [C:\Users\Lenovo\PycharmProjects\pythonProject\LSTM_prediction.py - 121 - <module>] 构建成功
[2023-11-27 11:28:59] [info] [C:\Users\Lenovo\PycharmProjects\pythonProject\LSTM_prediction.py - 191 - <module>] 绘制图形
[2023-11-27 11:28:59] [info] [C:\Users\Lenovo\PycharmProjects\pythonProject\LSTM_prediction.py - 198 - <module>] 绘制成功
[2023-11-27 11:29:00] [info] [C:\Users\Lenovo\PycharmProjects\pythonProject\LSTM_prediction.py - 219 - <module>] 保存模型参数
[2023-11-27 11:29:00] [info] [C:\Users\Lenovo\PycharmProjects\pythonProject\LSTM_prediction.py - 226 - <module>] 模型保存成功
[2023-11-27 11:29:00] [info] [C:\Users\Lenovo\PycharmProjects\pythonProject\LSTM_prediction.py - 228 - <module>] 保存预测结果
[2023-11-27 11:29:01] [info] [C:\Users\Lenovo\PycharmProjects\pythonProject\LSTM_prediction.py - 239 - <module>] 结果保存成功
[2023-11-27 13:00:27] [info] [C:\Users\Lenovo\PycharmProjects\pythonProject\LSTM_prediction.py - 65 - <module>] 读入数据
[2023-11-27 13:00:27] [info] [C:\Users\Lenovo\PycharmProjects\pythonProject\LSTM_prediction.py - 72 - <module>] 数据读取成功
[2023-11-27 13:00:27] [info] [C:\Users\Lenovo\PycharmProjects\pythonProject\LSTM_prediction.py - 74 - <module>] 时间列转换
[2023-11-27 13:00:27] [info] [C:\Users\Lenovo\PycharmProjects\pythonProject\LSTM_prediction.py - 80 - <module>] 时间列转换成功
[2023-11-27 13:00:27] [info] [C:\Users\Lenovo\PycharmProjects\pythonProject\LSTM_prediction.py - 97 - <module>] 存储新的数据集
[2023-11-27 13:00:27] [info] [C:\Users\Lenovo\PycharmProjects\pythonProject\LSTM_prediction.py - 104 - <module>] 新数据集存储成功
[2023-11-27 13:00:27] [info] [C:\Users\Lenovo\PycharmProjects\pythonProject\LSTM_prediction.py - 111 - <module>] 构建训练数据集
[2023-11-27 13:00:27] [info] [C:\Users\Lenovo\PycharmProjects\pythonProject\LSTM_prediction.py - 121 - <module>] 构建成功
[2023-11-27 13:05:12] [info] [C:\Users\Lenovo\PycharmProjects\pythonProject\LSTM_prediction.py - 191 - <module>] 绘制图形
[2023-11-27 13:05:12] [info] [C:\Users\Lenovo\PycharmProjects\pythonProject\LSTM_prediction.py - 198 - <module>] 绘制成功
[2023-11-27 13:05:12] [info] [C:\Users\Lenovo\PycharmProjects\pythonProject\LSTM_prediction.py - 219 - <module>] 保存模型参数
[2023-11-27 13:05:12] [info] [C:\Users\Lenovo\PycharmProjects\pythonProject\LSTM_prediction.py - 226 - <module>] 模型保存成功
[2023-11-27 13:05:12] [info] [C:\Users\Lenovo\PycharmProjects\pythonProject\LSTM_prediction.py - 228 - <module>] 保存预测结果
[2023-11-27 13:05:12] [info] [C:\Users\Lenovo\PycharmProjects\pythonProject\LSTM_prediction.py - 239 - <module>] 结果保存成功
[2023-11-27 21:23:03] [info] [C:\Users\Lenovo\PycharmProjects\pythonProject\LSTM_train.py - 75 - <module>] 读入数据
[2023-11-27 21:23:03] [info] [C:\Users\Lenovo\PycharmProjects\pythonProject\LSTM_train.py - 82 - <module>] 数据读取成功
[2023-11-27 21:23:03] [info] [C:\Users\Lenovo\PycharmProjects\pythonProject\LSTM_train.py - 84 - <module>] 时间列转换
[2023-11-27 21:23:03] [info] [C:\Users\Lenovo\PycharmProjects\pythonProject\LSTM_train.py - 90 - <module>] 时间列转换成功
[2023-11-27 21:23:03] [info] [C:\Users\Lenovo\PycharmProjects\pythonProject\LSTM_train.py - 107 - <module>] 存储新的数据集
[2023-11-27 21:23:03] [info] [C:\Users\Lenovo\PycharmProjects\pythonProject\LSTM_train.py - 114 - <module>] 新数据集存储成功
[2023-11-27 21:23:03] [info] [C:\Users\Lenovo\PycharmProjects\pythonProject\LSTM_train.py - 121 - <module>] 构建训练数据集
[2023-11-27 21:23:03] [info] [C:\Users\Lenovo\PycharmProjects\pythonProject\LSTM_train.py - 131 - <module>] 构建成功
[2023-11-27 21:28:22] [info] [C:\Users\Lenovo\PycharmProjects\pythonProject\LSTM_train.py - 201 - <module>] 绘制图形
[2023-11-27 21:28:22] [info] [C:\Users\Lenovo\PycharmProjects\pythonProject\LSTM_train.py - 208 - <module>] 绘制成功
[2023-11-27 21:28:24] [info] [C:\Users\Lenovo\PycharmProjects\pythonProject\LSTM_train.py - 229 - <module>] 保存模型参数
[2023-11-27 21:28:24] [info] [C:\Users\Lenovo\PycharmProjects\pythonProject\LSTM_train.py - 236 - <module>] 模型保存成功
[2023-11-27 21:28:24] [info] [C:\Users\Lenovo\PycharmProjects\pythonProject\LSTM_train.py - 238 - <module>] 保存预测结果
[2023-11-27 21:28:25] [info] [C:\Users\Lenovo\PycharmProjects\pythonProject\LSTM_train.py - 249 - <module>] 结果保存成功
